<?xml version="1.0" encoding="UTF-8"?>
<!-- Generated by org.testng.reporters.JUnitXMLReporter -->
<testsuite ignored="1" hostname="DESKTOP-D8HO8ML" failures="0" tests="2" name="Default test" time="23.646" errors="0" timestamp="2022-04-20T13:14:54 IST">
  <testcase classname="com.mycompany.test.LoginTest" name="invalidCredentialsTest" time="1.342"/>
  <testcase classname="com.mycompany.test.LoginTest" name="invalidCredentialsTest" time="1.62"/>
  <testcase classname="com.mycompany.test.LoginTest" name="validCredentialTest" time="0.0">
    <ignored/>
  </testcase> <!-- validCredentialTest -->
</testsuite> <!-- Default test -->
