<?xml version="1.0" encoding="UTF-8"?>
<testng-results ignored="1" total="3" passed="2" failed="0" skipped="0">
  <reporter-output>
  </reporter-output>
  <suite started-at="2022-04-20T13:14:30 IST" name="Default suite" finished-at="2022-04-20T13:14:54 IST" duration-ms="23646">
    <groups>
    </groups>
    <test started-at="2022-04-20T13:14:30 IST" name="Default test" finished-at="2022-04-20T13:14:54 IST" duration-ms="23646">
      <class name="com.mycompany.test.LoginTest">
        <test-method is-config="true" signature="setup()[pri:0, instance:com.mycompany.test.LoginTest@4efac082]" started-at="2022-04-20T13:14:30 IST" name="setup" finished-at="2022-04-20T13:14:43 IST" duration-ms="12676" status="PASS">
          <reporter-output>
          </reporter-output>
        </test-method> <!-- setup -->
        <test-method signature="invalidCredentialsTest(java.lang.String,java.lang.String,java.lang.String)[pri:0, instance:com.mycompany.test.LoginTest@4efac082]" started-at="2022-04-20T13:14:43 IST" name="invalidCredentialsTest" data-provider="invalidCredentialData" finished-at="2022-04-20T13:14:44 IST" duration-ms="1342" status="PASS">
          <params>
            <param index="0">
              <value>
                <![CDATA[john]]>
              </value>
            </param>
            <param index="1">
              <value>
                <![CDATA[john123]]>
              </value>
            </param>
            <param index="2">
              <value>
                <![CDATA[Invalid credentials]]>
              </value>
            </param>
          </params>
          <reporter-output>
          </reporter-output>
        </test-method> <!-- invalidCredentialsTest -->
        <test-method is-config="true" signature="teardown()[pri:0, instance:com.mycompany.test.LoginTest@4efac082]" started-at="2022-04-20T13:14:44 IST" name="teardown" finished-at="2022-04-20T13:14:45 IST" duration-ms="763" status="PASS">
          <reporter-output>
          </reporter-output>
        </test-method> <!-- teardown -->
        <test-method is-config="true" signature="setup()[pri:0, instance:com.mycompany.test.LoginTest@4efac082]" started-at="2022-04-20T13:14:45 IST" name="setup" finished-at="2022-04-20T13:14:51 IST" duration-ms="6446" status="PASS">
          <reporter-output>
          </reporter-output>
        </test-method> <!-- setup -->
        <test-method signature="invalidCredentialsTest(java.lang.String,java.lang.String,java.lang.String)[pri:0, instance:com.mycompany.test.LoginTest@4efac082]" started-at="2022-04-20T13:14:51 IST" name="invalidCredentialsTest" data-provider="invalidCredentialData" finished-at="2022-04-20T13:14:53 IST" duration-ms="1620" status="PASS">
          <params>
            <param index="0">
              <value>
                <![CDATA[peter]]>
              </value>
            </param>
            <param index="1">
              <value>
                <![CDATA[peter123]]>
              </value>
            </param>
            <param index="2">
              <value>
                <![CDATA[Invalid credentials]]>
              </value>
            </param>
          </params>
          <reporter-output>
          </reporter-output>
        </test-method> <!-- invalidCredentialsTest -->
        <test-method is-config="true" signature="teardown()[pri:0, instance:com.mycompany.test.LoginTest@4efac082]" started-at="2022-04-20T13:14:53 IST" name="teardown" finished-at="2022-04-20T13:14:54 IST" duration-ms="756" status="PASS">
          <reporter-output>
          </reporter-output>
        </test-method> <!-- teardown -->
      </class> <!-- com.mycompany.test.LoginTest -->
    </test> <!-- Default test -->
  </suite> <!-- Default suite -->
</testng-results>
